\BOOKMARK [1][-]{section*.2}{\376\377\000M\000o\000d\000u\000l\000e\000\040\000O\000v\000e\000r\000v\000i\000e\000w}{}% 1
\BOOKMARK [1][-]{section.1}{\376\377\000W\000e\000e\000k\000\040\0001\000:\000\040\000I\000n\000t\000r\000o\000d\000u\000c\000t\000i\000o\000n}{}% 2
\BOOKMARK [2][-]{subsection.1.1}{\376\377\000T\000o\000p\000i\000c\000\040\000S\000u\000m\000m\000a\000r\000y}{section.1}% 3
\BOOKMARK [2][-]{subsection.1.2}{\376\377\000C\000o\000r\000e\000\040\000C\000o\000n\000c\000e\000p\000t\000s}{section.1}% 4
\BOOKMARK [3][-]{subsubsection.1.2.1}{\376\377\000W\000h\000a\000t\000\040\000i\000s\000\040\000C\000o\000m\000p\000u\000t\000e\000r\000\040\000V\000i\000s\000i\000o\000n\000?}{subsection.1.2}% 5
\BOOKMARK [3][-]{subsubsection.1.2.2}{\376\377\000W\000h\000y\000\040\000S\000t\000u\000d\000y\000\040\000C\000o\000m\000p\000u\000t\000e\000r\000\040\000V\000i\000s\000i\000o\000n\000?}{subsection.1.2}% 6
\BOOKMARK [3][-]{subsubsection.1.2.3}{\376\377\000W\000h\000y\000\040\000i\000s\000\040\000C\000o\000m\000p\000u\000t\000e\000r\000\040\000V\000i\000s\000i\000o\000n\000\040\000D\000i\000f\000f\000i\000c\000u\000l\000t\000?}{subsection.1.2}% 7
\BOOKMARK [3][-]{subsubsection.1.2.4}{\376\377\000H\000o\000w\000\040\000D\000o\000\040\000W\000e\000\040\000T\000a\000c\000k\000l\000e\000\040\000t\000h\000e\000\040\000P\000r\000o\000b\000l\000e\000m\000\040\000o\000f\000\040\000V\000i\000s\000i\000o\000n\000?}{subsection.1.2}% 8
\BOOKMARK [2][-]{subsection.1.3}{\376\377\000W\000o\000r\000k\000e\000d\000\040\000E\000x\000a\000m\000p\000l\000e\000s}{section.1}% 9
\BOOKMARK [2][-]{subsection.1.4}{\376\377\000S\000u\000m\000m\000a\000r\000y}{section.1}% 10
\BOOKMARK [1][-]{section.2}{\376\377\000W\000e\000e\000k\000\040\0002\000:\000\040\000I\000m\000a\000g\000e\000\040\000F\000o\000r\000m\000a\000t\000i\000o\000n}{}% 11
\BOOKMARK [2][-]{subsection.2.1}{\376\377\000T\000o\000p\000i\000c\000\040\000S\000u\000m\000m\000a\000r\000y}{section.2}% 12
\BOOKMARK [2][-]{subsection.2.2}{\376\377\000C\000o\000r\000e\000\040\000C\000o\000n\000c\000e\000p\000t\000s}{section.2}% 13
\BOOKMARK [3][-]{subsubsection.2.2.1}{\376\377\000P\000h\000y\000s\000i\000c\000s\000\040\000o\000f\000\040\000I\000m\000a\000g\000e\000\040\000F\000o\000r\000m\000a\000t\000i\000o\000n}{subsection.2.2}% 14
\BOOKMARK [3][-]{subsubsection.2.2.2}{\376\377\000O\000p\000t\000i\000c\000s\000:\000\040\000P\000i\000n\000h\000o\000l\000e\000\040\000a\000n\000d\000\040\000L\000e\000n\000s\000\040\000C\000a\000m\000e\000r\000a\000s}{subsection.2.2}% 15
\BOOKMARK [3][-]{subsubsection.2.2.3}{\376\377\000G\000e\000o\000m\000e\000t\000r\000y\000\040\000o\000f\000\040\000I\000m\000a\000g\000e\000\040\000F\000o\000r\000m\000a\000t\000i\000o\000n}{subsection.2.2}% 16
\BOOKMARK [3][-]{subsubsection.2.2.4}{\376\377\000I\000n\000t\000r\000i\000n\000s\000i\000c\000\040\000a\000n\000d\000\040\000E\000x\000t\000r\000i\000n\000s\000i\000c\000\040\000P\000a\000r\000a\000m\000e\000t\000e\000r\000s}{subsection.2.2}% 17
\BOOKMARK [3][-]{subsubsection.2.2.5}{\376\377\000D\000i\000g\000i\000t\000a\000l\000\040\000I\000m\000a\000g\000e\000s}{subsection.2.2}% 18
\BOOKMARK [3][-]{subsubsection.2.2.6}{\376\377\000C\000a\000m\000e\000r\000a\000\040\000S\000e\000n\000s\000o\000r\000s\000\040\000a\000n\000d\000\040\000D\000e\000m\000o\000s\000a\000i\000c\000i\000n\000g}{subsection.2.2}% 19
\BOOKMARK [3][-]{subsubsection.2.2.7}{\376\377\000T\000h\000e\000\040\000E\000y\000e}{subsection.2.2}% 20
\BOOKMARK [2][-]{subsection.2.3}{\376\377\000W\000o\000r\000k\000e\000d\000\040\000E\000x\000a\000m\000p\000l\000e\000s}{section.2}% 21
\BOOKMARK [2][-]{subsection.2.4}{\376\377\000S\000u\000m\000m\000a\000r\000y}{section.2}% 22
\BOOKMARK [1][-]{section.3}{\376\377\000W\000e\000e\000k\000\040\0003\000:\000\040\000L\000o\000w\000-\000L\000e\000v\000e\000l\000\040\000V\000i\000s\000i\000o\000n\000\040\000\050\000A\000r\000t\000i\000f\000i\000c\000i\000a\000l\000\051}{}% 23
\BOOKMARK [2][-]{subsection.3.1}{\376\377\000T\000o\000p\000i\000c\000\040\000S\000u\000m\000m\000a\000r\000y}{section.3}% 24
\BOOKMARK [2][-]{subsection.3.2}{\376\377\000C\000o\000r\000e\000\040\000C\000o\000n\000c\000e\000p\000t\000s}{section.3}% 25
\BOOKMARK [3][-]{subsubsection.3.2.1}{\376\377\000C\000o\000n\000v\000o\000l\000u\000t\000i\000o\000n}{subsection.3.2}% 26
\BOOKMARK [3][-]{subsubsection.3.2.2}{\376\377\000S\000m\000o\000o\000t\000h\000i\000n\000g}{subsection.3.2}% 27
\BOOKMARK [3][-]{subsubsection.3.2.3}{\376\377\000D\000i\000f\000f\000e\000r\000e\000n\000c\000i\000n\000g}{subsection.3.2}% 28
\BOOKMARK [3][-]{subsubsection.3.2.4}{\376\377\000E\000d\000g\000e\000\040\000D\000e\000t\000e\000c\000t\000i\000o\000n}{subsection.3.2}% 29
\BOOKMARK [3][-]{subsubsection.3.2.5}{\376\377\000M\000u\000l\000t\000i\000-\000S\000c\000a\000l\000e\000\040\000F\000e\000a\000t\000u\000r\000e\000\040\000D\000e\000t\000e\000c\000t\000i\000o\000n}{subsection.3.2}% 30
\BOOKMARK [2][-]{subsection.3.3}{\376\377\000W\000o\000r\000k\000e\000d\000\040\000E\000x\000a\000m\000p\000l\000e\000s}{section.3}% 31
\BOOKMARK [2][-]{subsection.3.4}{\376\377\000S\000u\000m\000m\000a\000r\000y}{section.3}% 32
\BOOKMARK [1][-]{section.4}{\376\377\000W\000e\000e\000k\000\040\0004\000:\000\040\000L\000o\000w\000-\000\040\000a\000n\000d\000\040\000M\000i\000d\000-\000L\000e\000v\000e\000l\000\040\000B\000i\000o\000l\000o\000g\000i\000c\000a\000l\000\040\000V\000i\000s\000i\000o\000n}{}% 33
\BOOKMARK [2][-]{subsection.4.1}{\376\377\000T\000o\000p\000i\000c\000\040\000S\000u\000m\000m\000a\000r\000y}{section.4}% 34
\BOOKMARK [2][-]{subsection.4.2}{\376\377\000C\000o\000r\000e\000\040\000C\000o\000n\000c\000e\000p\000t\000s}{section.4}% 35
\BOOKMARK [3][-]{subsubsection.4.2.1}{\376\377\000T\000h\000e\000\040\000B\000i\000o\000l\000o\000g\000i\000c\000a\000l\000\040\000V\000i\000s\000u\000a\000l\000\040\000S\000y\000s\000t\000e\000m}{subsection.4.2}% 36
\BOOKMARK [3][-]{subsubsection.4.2.2}{\376\377\000P\000r\000i\000m\000a\000r\000y\000\040\000V\000i\000s\000u\000a\000l\000\040\000C\000o\000r\000t\000e\000x\000\040\000\050\000V\0001\000\051}{subsection.4.2}% 37
\BOOKMARK [3][-]{subsubsection.4.2.3}{\376\377\000G\000a\000b\000o\000r\000\040\000F\000u\000n\000c\000t\000i\000o\000n\000s}{subsection.4.2}% 38
\BOOKMARK [3][-]{subsubsection.4.2.4}{\376\377\000N\000o\000n\000-\000C\000l\000a\000s\000s\000i\000c\000a\000l\000\040\000R\000e\000c\000e\000p\000t\000i\000v\000e\000\040\000F\000i\000e\000l\000d\000s}{subsection.4.2}% 39
\BOOKMARK [3][-]{subsubsection.4.2.5}{\376\377\000I\000n\000t\000r\000o\000d\000u\000c\000t\000i\000o\000n\000\040\000t\000o\000\040\000M\000i\000d\000-\000L\000e\000v\000e\000l\000\040\000V\000i\000s\000i\000o\000n}{subsection.4.2}% 40
\BOOKMARK [3][-]{subsubsection.4.2.6}{\376\377\000G\000e\000s\000t\000a\000l\000t\000\040\000L\000a\000w\000s\000\040\000\050\000B\000o\000t\000t\000o\000m\000-\000u\000p\000\040\000G\000r\000o\000u\000p\000i\000n\000g\000\040\000P\000r\000i\000n\000c\000i\000p\000l\000e\000s\000\051}{subsection.4.2}% 41
\BOOKMARK [3][-]{subsubsection.4.2.7}{\376\377\000B\000o\000r\000d\000e\000r\000\040\000O\000w\000n\000e\000r\000s\000h\000i\000p}{subsection.4.2}% 42
\BOOKMARK [2][-]{subsection.4.3}{\376\377\000W\000o\000r\000k\000e\000d\000\040\000E\000x\000a\000m\000p\000l\000e\000s}{section.4}% 43
\BOOKMARK [2][-]{subsection.4.4}{\376\377\000S\000u\000m\000m\000a\000r\000y}{section.4}% 44
\BOOKMARK [1][-]{section.5}{\376\377\000W\000e\000e\000k\000\040\0005\000:\000\040\000M\000i\000d\000-\000L\000e\000v\000e\000l\000\040\000V\000i\000s\000i\000o\000n\000\040\040\024\000\040\000S\000e\000g\000m\000e\000n\000t\000a\000t\000i\000o\000n}{}% 45
\BOOKMARK [2][-]{subsection.5.1}{\376\377\000T\000o\000p\000i\000c\000\040\000S\000u\000m\000m\000a\000r\000y}{section.5}% 46
\BOOKMARK [2][-]{subsection.5.2}{\376\377\000C\000o\000r\000e\000\040\000C\000o\000n\000c\000e\000p\000t\000s}{section.5}% 47
\BOOKMARK [3][-]{subsubsection.5.2.1}{\376\377\000F\000e\000a\000t\000u\000r\000e\000\040\000S\000p\000a\000c\000e\000\040\000a\000n\000d\000\040\000S\000i\000m\000i\000l\000a\000r\000i\000t\000y}{subsection.5.2}% 48
\BOOKMARK [3][-]{subsubsection.5.2.2}{\376\377\000T\000h\000r\000e\000s\000h\000o\000l\000d\000i\000n\000g}{subsection.5.2}% 49
\BOOKMARK [3][-]{subsubsection.5.2.3}{\376\377\000R\000e\000g\000i\000o\000n\000-\000B\000a\000s\000e\000d\000\040\000S\000e\000g\000m\000e\000n\000t\000a\000t\000i\000o\000n}{subsection.5.2}% 50
\BOOKMARK [3][-]{subsubsection.5.2.4}{\376\377\000C\000l\000u\000s\000t\000e\000r\000i\000n\000g\000\040\000M\000e\000t\000h\000o\000d\000s}{subsection.5.2}% 51
\BOOKMARK [3][-]{subsubsection.5.2.5}{\376\377\000F\000i\000t\000t\000i\000n\000g\000\040\000M\000e\000t\000h\000o\000d\000s}{subsection.5.2}% 52
\BOOKMARK [2][-]{subsection.5.3}{\376\377\000W\000o\000r\000k\000e\000d\000\040\000E\000x\000a\000m\000p\000l\000e\000s}{section.5}% 53
\BOOKMARK [2][-]{subsection.5.4}{\376\377\000S\000u\000m\000m\000a\000r\000y}{section.5}% 54
\BOOKMARK [1][-]{section.6}{\376\377\000W\000e\000e\000k\000\040\0006\000:\000\040\000F\000e\000a\000t\000u\000r\000e\000\040\000M\000a\000t\000c\000h\000i\000n\000g}{}% 55
\BOOKMARK [2][-]{subsection.6.1}{\376\377\000T\000o\000p\000i\000c\000\040\000S\000u\000m\000m\000a\000r\000y}{section.6}% 56
\BOOKMARK [2][-]{subsection.6.2}{\376\377\000C\000o\000r\000e\000\040\000C\000o\000n\000c\000e\000p\000t\000s}{section.6}% 57
\BOOKMARK [3][-]{subsubsection.6.2.1}{\376\377\000T\000h\000e\000\040\000C\000o\000r\000r\000e\000s\000p\000o\000n\000d\000e\000n\000c\000e\000\040\000P\000r\000o\000b\000l\000e\000m}{subsection.6.2}% 58
\BOOKMARK [3][-]{subsubsection.6.2.2}{\376\377\000C\000o\000r\000r\000e\000l\000a\000t\000i\000o\000n\000-\000B\000a\000s\000e\000d\000\040\000M\000e\000t\000h\000o\000d\000s}{subsection.6.2}% 59
\BOOKMARK [3][-]{subsubsection.6.2.3}{\376\377\000F\000e\000a\000t\000u\000r\000e\000-\000B\000a\000s\000e\000d\000\040\000M\000e\000t\000h\000o\000d\000s\000:\000\040\000D\000e\000t\000e\000c\000t\000o\000r\000\040\000+\000\040\000D\000e\000s\000c\000r\000i\000p\000t\000o\000r}{subsection.6.2}% 60
\BOOKMARK [3][-]{subsubsection.6.2.4}{\376\377\000C\000o\000r\000n\000e\000r\000\040\000D\000e\000t\000e\000c\000t\000i\000o\000n\000:\000\040\000H\000a\000r\000r\000i\000s}{subsection.6.2}% 61
\BOOKMARK [3][-]{subsubsection.6.2.5}{\376\377\000S\000c\000a\000l\000e\000-\000I\000n\000v\000a\000r\000i\000a\000n\000t\000\040\000D\000e\000t\000e\000c\000t\000o\000r\000s\000:\000\040\000H\000a\000r\000r\000i\000s\000-\000L\000a\000p\000l\000a\000c\000i\000a\000n\000\040\000a\000n\000d\000\040\000S\000I\000F\000T}{subsection.6.2}% 62
\BOOKMARK [3][-]{subsubsection.6.2.6}{\376\377\000F\000e\000a\000t\000u\000r\000e\000\040\000D\000e\000s\000c\000r\000i\000p\000t\000o\000r\000s}{subsection.6.2}% 63
\BOOKMARK [3][-]{subsubsection.6.2.7}{\376\377\000T\000h\000e\000\040\000M\000a\000t\000c\000h\000i\000n\000g\000\040\000P\000r\000o\000b\000l\000e\000m\000:\000\040\000O\000u\000t\000l\000i\000e\000r\000s\000\040\000a\000n\000d\000\040\000R\000A\000N\000S\000A\000C}{subsection.6.2}% 64
\BOOKMARK [3][-]{subsubsection.6.2.8}{\376\377\000P\000u\000t\000t\000i\000n\000g\000\040\000I\000t\000\040\000A\000l\000l\000\040\000T\000o\000g\000e\000t\000h\000e\000r}{subsection.6.2}% 65
\BOOKMARK [2][-]{subsection.6.3}{\376\377\000W\000o\000r\000k\000e\000d\000\040\000E\000x\000a\000m\000p\000l\000e\000s}{section.6}% 66
\BOOKMARK [2][-]{subsection.6.4}{\376\377\000S\000u\000m\000m\000a\000r\000y}{section.6}% 67
\BOOKMARK [1][-]{section.7}{\376\377\000W\000e\000e\000k\000\040\0007\000:\000\040\000S\000t\000e\000r\000e\000o\000\040\000V\000i\000s\000i\000o\000n\000\040\000a\000n\000d\000\040\000D\000e\000p\000t\000h}{}% 68
\BOOKMARK [2][-]{subsection.7.1}{\376\377\000T\000o\000p\000i\000c\000\040\000S\000u\000m\000m\000a\000r\000y}{section.7}% 69
\BOOKMARK [2][-]{subsection.7.2}{\376\377\000C\000o\000r\000e\000\040\000C\000o\000n\000c\000e\000p\000t\000s}{section.7}% 70
\BOOKMARK [3][-]{subsubsection.7.2.1}{\376\377\000W\000h\000y\000\040\000S\000t\000e\000r\000e\000o\000?\000\040\000I\000m\000a\000g\000e\000\040\000F\000o\000r\000m\000a\000t\000i\000o\000n\000\040\000R\000e\000c\000a\000p}{subsection.7.2}% 71
\BOOKMARK [3][-]{subsubsection.7.2.2}{\376\377\000C\000o\000p\000l\000a\000n\000a\000r\000\040\000C\000a\000m\000e\000r\000a\000s\000\040\000\050\000S\000i\000m\000p\000l\000e\000s\000t\000\040\000C\000a\000s\000e\000\051}{subsection.7.2}% 72
\BOOKMARK [3][-]{subsubsection.7.2.3}{\376\377\000T\000h\000e\000\040\000C\000o\000r\000r\000e\000s\000p\000o\000n\000d\000e\000n\000c\000e\000\040\000P\000r\000o\000b\000l\000e\000m}{subsection.7.2}% 73
\BOOKMARK [3][-]{subsubsection.7.2.4}{\376\377\000F\000i\000e\000l\000d\000\040\000o\000f\000\040\000V\000i\000e\000w\000\040\000\050\000F\000o\000V\000\051}{subsection.7.2}% 74
\BOOKMARK [3][-]{subsubsection.7.2.5}{\376\377\000N\000o\000n\000-\000C\000o\000p\000l\000a\000n\000a\000r\000\040\000\050\000V\000e\000r\000g\000i\000n\000g\000\051\000\040\000C\000a\000m\000e\000r\000a\000s}{subsection.7.2}% 75
\BOOKMARK [3][-]{subsubsection.7.2.6}{\376\377\000E\000p\000i\000p\000o\000l\000a\000r\000\040\000G\000e\000o\000m\000e\000t\000r\000y}{subsection.7.2}% 76
\BOOKMARK [3][-]{subsubsection.7.2.7}{\376\377\000C\000u\000e\000s\000\040\000t\000o\000\040\000D\000e\000p\000t\000h}{subsection.7.2}% 77
\BOOKMARK [2][-]{subsection.7.3}{\376\377\000W\000o\000r\000k\000e\000d\000\040\000E\000x\000a\000m\000p\000l\000e\000s}{section.7}% 78
\BOOKMARK [2][-]{subsection.7.4}{\376\377\000S\000u\000m\000m\000a\000r\000y}{section.7}% 79
\BOOKMARK [1][-]{section.8}{\376\377\000W\000e\000e\000k\000\040\0008\000:\000\040\000M\000o\000t\000i\000o\000n\000\040\000a\000n\000d\000\040\000T\000r\000a\000c\000k\000i\000n\000g}{}% 80
\BOOKMARK [2][-]{subsection.8.1}{\376\377\000T\000o\000p\000i\000c\000\040\000S\000u\000m\000m\000a\000r\000y}{section.8}% 81
\BOOKMARK [2][-]{subsection.8.2}{\376\377\000C\000o\000r\000e\000\040\000C\000o\000n\000c\000e\000p\000t\000s}{section.8}% 82
\BOOKMARK [3][-]{subsubsection.8.2.1}{\376\377\000V\000i\000d\000e\000o\000,\000\040\000M\000o\000t\000i\000o\000n\000\040\000F\000i\000e\000l\000d\000,\000\040\000a\000n\000d\000\040\000O\000p\000t\000i\000c\000\040\000F\000l\000o\000w}{subsection.8.2}% 83
\BOOKMARK [3][-]{subsubsection.8.2.2}{\376\377\000B\000r\000i\000g\000h\000t\000n\000e\000s\000s\000\040\000C\000o\000n\000s\000t\000a\000n\000c\000y\000\040\000a\000n\000d\000\040\000t\000h\000e\000\040\000O\000p\000t\000i\000c\000\040\000F\000l\000o\000w\000\040\000C\000o\000n\000s\000t\000r\000a\000i\000n\000t}{subsection.8.2}% 84
\BOOKMARK [3][-]{subsubsection.8.2.3}{\376\377\000T\000h\000e\000\040\000A\000p\000e\000r\000t\000u\000r\000e\000\040\000P\000r\000o\000b\000l\000e\000m}{subsection.8.2}% 85
\BOOKMARK [3][-]{subsubsection.8.2.4}{\376\377\000T\000h\000e\000\040\000V\000i\000d\000e\000o\000\040\000C\000o\000r\000r\000e\000s\000p\000o\000n\000d\000e\000n\000c\000e\000\040\000P\000r\000o\000b\000l\000e\000m}{subsection.8.2}% 86
\BOOKMARK [3][-]{subsubsection.8.2.5}{\376\377\000E\000s\000t\000i\000m\000a\000t\000i\000n\000g\000\040\000O\000p\000t\000i\000c\000\040\000F\000l\000o\000w}{subsection.8.2}% 87
\BOOKMARK [3][-]{subsubsection.8.2.6}{\376\377\000A\000p\000p\000l\000i\000c\000a\000t\000i\000o\000n\000s\000\040\000o\000f\000\040\000O\000p\000t\000i\000c\000\040\000F\000l\000o\000w}{subsection.8.2}% 88
\BOOKMARK [3][-]{subsubsection.8.2.7}{\376\377\000M\000o\000t\000i\000o\000n\000\040\000S\000e\000g\000m\000e\000n\000t\000a\000t\000i\000o\000n\000:\000\040\000I\000m\000a\000g\000e\000\040\000D\000i\000f\000f\000e\000r\000e\000n\000c\000i\000n\000g\000\040\000a\000n\000d\000\040\000B\000a\000c\000k\000g\000r\000o\000u\000n\000d\000\040\000S\000u\000b\000t\000r\000a\000c\000t\000i\000o\000n}{subsection.8.2}% 89
\BOOKMARK [3][-]{subsubsection.8.2.8}{\376\377\000T\000r\000a\000c\000k\000i\000n\000g}{subsection.8.2}% 90
\BOOKMARK [3][-]{subsubsection.8.2.9}{\376\377\000T\000r\000a\000c\000k\000e\000r\000s\000:\000\040\000K\000a\000l\000m\000a\000n\000,\000\040\000P\000a\000r\000t\000i\000c\000l\000e\000,\000\040\000M\000e\000a\000n\000-\000S\000h\000i\000f\000t\000,\000\040\000K\000L\000T}{subsection.8.2}% 91
\BOOKMARK [2][-]{subsection.8.3}{\376\377\000W\000o\000r\000k\000e\000d\000\040\000E\000x\000a\000m\000p\000l\000e\000s}{section.8}% 92
\BOOKMARK [2][-]{subsection.8.4}{\376\377\000S\000u\000m\000m\000a\000r\000y}{section.8}% 93
\BOOKMARK [1][-]{section.9}{\376\377\000W\000e\000e\000k\000\040\0009\000:\000\040\000A\000r\000t\000i\000f\000i\000c\000i\000a\000l\000\040\000O\000b\000j\000e\000c\000t\000\040\000R\000e\000c\000o\000g\000n\000i\000t\000i\000o\000n\000\040\000\050\000H\000i\000g\000h\000-\000L\000e\000v\000e\000l\000\040\000V\000i\000s\000i\000o\000n\000\051}{}% 94
\BOOKMARK [2][-]{subsection.9.1}{\376\377\000T\000o\000p\000i\000c\000\040\000S\000u\000m\000m\000a\000r\000y}{section.9}% 95
\BOOKMARK [2][-]{subsection.9.2}{\376\377\000C\000o\000r\000e\000\040\000C\000o\000n\000c\000e\000p\000t\000s}{section.9}% 96
\BOOKMARK [3][-]{subsubsection.9.2.1}{\376\377\000R\000e\000c\000o\000g\000n\000i\000t\000i\000o\000n\000\040\000t\000a\000s\000k\000s}{subsection.9.2}% 97
\BOOKMARK [3][-]{subsubsection.9.2.2}{\376\377\000R\000e\000c\000o\000g\000n\000i\000t\000i\000o\000n\000\040\000r\000e\000q\000u\000i\000r\000e\000m\000e\000n\000t\000s\000\040\000a\000n\000d\000\040\000g\000e\000n\000e\000r\000i\000c\000\040\000p\000r\000o\000c\000e\000d\000u\000r\000e}{subsection.9.2}% 98
\BOOKMARK [3][-]{subsubsection.9.2.3}{\376\377\000T\000e\000m\000p\000l\000a\000t\000e\000\040\000m\000a\000t\000c\000h\000i\000n\000g}{subsection.9.2}% 99
\BOOKMARK [3][-]{subsubsection.9.2.4}{\376\377\000S\000l\000i\000d\000i\000n\000g\000\040\000w\000i\000n\000d\000o\000w}{subsection.9.2}% 100
\BOOKMARK [3][-]{subsubsection.9.2.5}{\376\377\000E\000d\000g\000e\000\040\000m\000a\000t\000c\000h\000i\000n\000g}{subsection.9.2}% 101
\BOOKMARK [3][-]{subsubsection.9.2.6}{\376\377\000M\000o\000d\000e\000l\000-\000b\000a\000s\000e\000d\000\040\000r\000e\000c\000o\000g\000n\000i\000t\000i\000o\000n}{subsection.9.2}% 102
\BOOKMARK [3][-]{subsubsection.9.2.7}{\376\377\000I\000n\000t\000e\000n\000s\000i\000t\000y\000\040\000h\000i\000s\000t\000o\000g\000r\000a\000m\000s}{subsection.9.2}% 103
\BOOKMARK [3][-]{subsubsection.9.2.8}{\376\377\000I\000m\000p\000l\000i\000c\000i\000t\000\040\000S\000h\000a\000p\000e\000\040\000M\000o\000d\000e\000l\000\040\000\050\000I\000S\000M\000\051}{subsection.9.2}% 104
\BOOKMARK [3][-]{subsubsection.9.2.9}{\376\377\000S\000I\000F\000T\000\040\000f\000e\000a\000t\000u\000r\000e\000\040\000m\000a\000t\000c\000h\000i\000n\000g}{subsection.9.2}% 105
\BOOKMARK [3][-]{subsubsection.9.2.10}{\376\377\000B\000a\000g\000-\000o\000f\000-\000W\000o\000r\000d\000s\000\040\000\050\000B\000o\000W\000\051}{subsection.9.2}% 106
\BOOKMARK [3][-]{subsubsection.9.2.11}{\376\377\000G\000e\000o\000m\000e\000t\000r\000i\000c\000\040\000i\000n\000v\000a\000r\000i\000a\000n\000t\000s}{subsection.9.2}% 107
\BOOKMARK [3][-]{subsubsection.9.2.12}{\376\377\000C\000l\000a\000s\000s\000i\000f\000i\000c\000a\000t\000i\000o\000n\000\040\000o\000f\000\040\000m\000e\000t\000h\000o\000d\000s}{subsection.9.2}% 108
\BOOKMARK [2][-]{subsection.9.3}{\376\377\000W\000o\000r\000k\000e\000d\000\040\000E\000x\000a\000m\000p\000l\000e\000s}{section.9}% 109
\BOOKMARK [2][-]{subsection.9.4}{\376\377\000S\000u\000m\000m\000a\000r\000y}{section.9}% 110
\BOOKMARK [1][-]{section.10}{\376\377\000W\000e\000e\000k\000\040\0001\0000\000:\000\040\000B\000i\000o\000l\000o\000g\000i\000c\000a\000l\000\040\000O\000b\000j\000e\000c\000t\000\040\000R\000e\000c\000o\000g\000n\000i\000t\000i\000o\000n\000\040\000\050\000H\000i\000g\000h\000-\000L\000e\000v\000e\000l\000\040\000V\000i\000s\000i\000o\000n\000\051}{}% 111
\BOOKMARK [2][-]{subsection.10.1}{\376\377\000T\000o\000p\000i\000c\000\040\000S\000u\000m\000m\000a\000r\000y}{section.10}% 112
\BOOKMARK [2][-]{subsection.10.2}{\376\377\000C\000o\000r\000e\000\040\000C\000o\000n\000c\000e\000p\000t\000s}{section.10}% 113
\BOOKMARK [3][-]{subsubsection.10.2.1}{\376\377\000O\000b\000j\000e\000c\000t\000-\000B\000a\000s\000e\000d\000\040\000v\000s\000\040\000I\000m\000a\000g\000e\000-\000B\000a\000s\000e\000d\000\040\000T\000h\000e\000o\000r\000i\000e\000s}{subsection.10.2}% 114
\BOOKMARK [3][-]{subsubsection.10.2.2}{\376\377\000C\000o\000n\000f\000i\000g\000u\000r\000a\000l\000\040\000v\000s\000\040\000F\000e\000a\000t\000u\000r\000a\000l\000\040\000T\000h\000e\000o\000r\000i\000e\000s}{subsection.10.2}% 115
\BOOKMARK [3][-]{subsubsection.10.2.3}{\376\377\000C\000a\000t\000e\000g\000o\000r\000i\000s\000a\000t\000i\000o\000n\000:\000\040\000R\000u\000l\000e\000s\000,\000\040\000P\000r\000o\000t\000o\000t\000y\000p\000e\000s\000,\000\040\000E\000x\000e\000m\000p\000l\000a\000r\000s}{subsection.10.2}% 116
\BOOKMARK [3][-]{subsubsection.10.2.4}{\376\377\000C\000o\000r\000t\000i\000c\000a\000l\000\040\000V\000i\000s\000u\000a\000l\000\040\000S\000y\000s\000t\000e\000m\000:\000\040\000P\000a\000t\000h\000w\000a\000y\000s}{subsection.10.2}% 117
\BOOKMARK [3][-]{subsubsection.10.2.5}{\376\377\000F\000e\000e\000d\000-\000F\000o\000r\000w\000a\000r\000d\000\040\000H\000i\000e\000r\000a\000r\000c\000h\000i\000c\000a\000l\000\040\000M\000o\000d\000e\000l\000s\000:\000\040\000H\000M\000A\000X\000\040\000a\000n\000d\000\040\000C\000N\000N}{subsection.10.2}% 118
\BOOKMARK [3][-]{subsubsection.10.2.6}{\376\377\000R\000e\000c\000u\000r\000r\000e\000n\000t\000\040\000M\000o\000d\000e\000l\000s\000\040\000a\000n\000d\000\040\000T\000o\000p\000-\000D\000o\000w\000n\000\040\000P\000r\000o\000c\000e\000s\000s\000i\000n\000g}{subsection.10.2}% 119
\BOOKMARK [3][-]{subsubsection.10.2.7}{\376\377\000B\000a\000y\000e\000s\000i\000a\000n\000\040\000I\000n\000f\000e\000r\000e\000n\000c\000e}{subsection.10.2}% 120
\BOOKMARK [3][-]{subsubsection.10.2.8}{\376\377\000B\000i\000g\000\040\000P\000i\000c\000t\000u\000r\000e\000:\000\040\000H\000o\000w\000\040\000C\000o\000r\000t\000e\000x\000\040\000C\000o\000m\000b\000i\000n\000e\000s\000\040\000T\000h\000e\000s\000e\000\040\000I\000d\000e\000a\000s}{subsection.10.2}% 121
\BOOKMARK [2][-]{subsection.10.3}{\376\377\000W\000o\000r\000k\000e\000d\000\040\000E\000x\000a\000m\000p\000l\000e\000s}{section.10}% 122
\BOOKMARK [2][-]{subsection.10.4}{\376\377\000S\000u\000m\000m\000a\000r\000y}{section.10}% 123
