This is pdfTeX, Version 3.141592653-2.6-1.40.27 (TeX Live 2025) (preloaded format=pdflatex 2025.3.27)  1 MAY 2026 14:42
entering extended mode
 restricted \write18 enabled.
 %&-line parsing enabled.
**main.tex
(./main.tex
LaTeX2e <2024-11-01> patch level 2
L3 programming layer <2025-01-18>
(/usr/local/texlive/2025basic/texmf-dist/tex/latex/base/article.cls
Document Class: article 2024/06/29 v1.4n Standard LaTeX document class
(/usr/local/texlive/2025basic/texmf-dist/tex/latex/base/size10.clo
File: size10.clo 2024/06/29 v1.4n Standard LaTeX file (size option)
)
\c@part=\count196
\c@section=\count197
\c@subsection=\count198
\c@subsubsection=\count199
\c@paragraph=\count266
\c@subparagraph=\count267
\c@figure=\count268
\c@table=\count269
\abovecaptionskip=\skip49
\belowcaptionskip=\skip50
\bibindent=\dimen141
)
(./preamble.tex
(/usr/local/texlive/2025basic/texmf-dist/tex/latex/geometry/geometry.sty
Package: geometry 2020/01/02 v5.9 Page Geometry

(/usr/local/texlive/2025basic/texmf-dist/tex/latex/graphics/keyval.sty
Package: keyval 2022/05/29 v1.15 key=value parser (DPC)
\KV@toks@=\toks17
)
(/usr/local/texlive/2025basic/texmf-dist/tex/generic/iftex/ifvtex.sty
Package: ifvtex 2019/10/25 v1.7 ifvtex legacy package. Use iftex instead.

(/usr/local/texlive/2025basic/texmf-dist/tex/generic/iftex/iftex.sty
Package: iftex 2024/12/12 v1.0g TeX engine tests
))
\Gm@cnth=\count270
\Gm@cntv=\count271
\c@Gm@tempcnt=\count272
\Gm@bindingoffset=\dimen142
\Gm@wd@mp=\dimen143
\Gm@odd@mp=\dimen144
\Gm@even@mp=\dimen145
\Gm@layoutwidth=\dimen146
\Gm@layoutheight=\dimen147
\Gm@layouthoffset=\dimen148
\Gm@layoutvoffset=\dimen149
\Gm@dimlist=\toks18
)
(/usr/local/texlive/2025basic/texmf-dist/tex/latex/amsmath/amsmath.sty
Package: amsmath 2024/11/05 v2.17t AMS math features
\@mathmargin=\skip51

For additional information on amsmath, use the `?' option.
(/usr/local/texlive/2025basic/texmf-dist/tex/latex/amsmath/amstext.sty
Package: amstext 2021/08/26 v2.01 AMS text

(/usr/local/texlive/2025basic/texmf-dist/tex/latex/amsmath/amsgen.sty
File: amsgen.sty 1999/11/30 v2.0 generic functions
\@emptytoks=\toks19
\ex@=\dimen150
))
(/usr/local/texlive/2025basic/texmf-dist/tex/latex/amsmath/amsbsy.sty
Package: amsbsy 1999/11/29 v1.2d Bold Symbols
\pmbraise@=\dimen151
)
(/usr/local/texlive/2025basic/texmf-dist/tex/latex/amsmath/amsopn.sty
Package: amsopn 2022/04/08 v2.04 operator names
)
\inf@bad=\count273
LaTeX Info: Redefining \frac on input line 233.
\uproot@=\count274
\leftroot@=\count275
LaTeX Info: Redefining \overline on input line 398.
LaTeX Info: Redefining \colon on input line 409.
\classnum@=\count276
\DOTSCASE@=\count277
LaTeX Info: Redefining \ldots on input line 495.
LaTeX Info: Redefining \dots on input line 498.
LaTeX Info: Redefining \cdots on input line 619.
\Mathstrutbox@=\box52
\strutbox@=\box53
LaTeX Info: Redefining \big on input line 721.
LaTeX Info: Redefining \Big on input line 722.
LaTeX Info: Redefining \bigg on input line 723.
LaTeX Info: Redefining \Bigg on input line 724.
\big@size=\dimen152
LaTeX Font Info:    Redeclaring font encoding OML on input line 742.
LaTeX Font Info:    Redeclaring font encoding OMS on input line 743.
\macc@depth=\count278
LaTeX Info: Redefining \bmod on input line 904.
LaTeX Info: Redefining \pmod on input line 909.
LaTeX Info: Redefining \smash on input line 939.
LaTeX Info: Redefining \relbar on input line 969.
LaTeX Info: Redefining \Relbar on input line 970.
\c@MaxMatrixCols=\count279
\dotsspace@=\muskip17
\c@parentequation=\count280
\dspbrk@lvl=\count281
\tag@help=\toks20
\row@=\count282
\column@=\count283
\maxfields@=\count284
\andhelp@=\toks21
\eqnshift@=\dimen153
\alignsep@=\dimen154
\tagshift@=\dimen155
\tagwidth@=\dimen156
\totwidth@=\dimen157
\lineht@=\dimen158
\@envbody=\toks22
\multlinegap=\skip52
\multlinetaggap=\skip53
\mathdisplay@stack=\toks23
LaTeX Info: Redefining \[ on input line 2953.
LaTeX Info: Redefining \] on input line 2954.
)
(/usr/local/texlive/2025basic/texmf-dist/tex/latex/amsfonts/amssymb.sty
Package: amssymb 2013/01/14 v3.01 AMS font symbols

(/usr/local/texlive/2025basic/texmf-dist/tex/latex/amsfonts/amsfonts.sty
Package: amsfonts 2013/01/14 v3.01 Basic AMSFonts support
\symAMSa=\mathgroup4
\symAMSb=\mathgroup5
LaTeX Font Info:    Redeclaring math symbol \hbar on input line 98.
LaTeX Font Info:    Overwriting math alphabet `\mathfrak' in version `bold'
(Font)                  U/euf/m/n --> U/euf/b/n on input line 106.
))
(/usr/local/texlive/2025basic/texmf-dist/tex/latex/mathtools/mathtools.sty
Package: mathtools 2024/10/04 v1.31 mathematical typesetting tools

(/usr/local/texlive/2025basic/texmf-dist/tex/latex/tools/calc.sty
Package: calc 2023/07/08 v4.3 Infix arithmetic (KKT,FJ)
\calc@Acount=\count285
\calc@Bcount=\count286
\calc@Adimen=\dimen159
\calc@Bdimen=\dimen160
\calc@Askip=\skip54
\calc@Bskip=\skip55
LaTeX Info: Redefining \setlength on input line 80.
LaTeX Info: Redefining \addtolength on input line 81.
\calc@Ccount=\count287
\calc@Cskip=\skip56
)
(/usr/local/texlive/2025basic/texmf-dist/tex/latex/mathtools/mhsetup.sty
Package: mhsetup 2021/03/18 v1.4 programming setup (MH)
)
\g_MT_multlinerow_int=\count288
\l_MT_multwidth_dim=\dimen161
\origjot=\skip57
\l_MT_shortvdotswithinadjustabove_dim=\dimen162
\l_MT_shortvdotswithinadjustbelow_dim=\dimen163
\l_MT_above_intertext_sep=\dimen164
\l_MT_below_intertext_sep=\dimen165
\l_MT_above_shortintertext_sep=\dimen166
\l_MT_below_shortintertext_sep=\dimen167
\xmathstrut@box=\box54
\xmathstrut@dim=\dimen168
)
(/usr/local/texlive/2025basic/texmf-dist/tex/latex/graphics/graphicx.sty
Package: graphicx 2021/09/16 v1.2d Enhanced LaTeX Graphics (DPC,SPQR)

(/usr/local/texlive/2025basic/texmf-dist/tex/latex/graphics/graphics.sty
Package: graphics 2024/08/06 v1.4g Standard LaTeX Graphics (DPC,SPQR)

(/usr/local/texlive/2025basic/texmf-dist/tex/latex/graphics/trig.sty
Package: trig 2023/12/02 v1.11 sin cos tan (DPC)
)
(/usr/local/texlive/2025basic/texmf-dist/tex/latex/graphics-cfg/graphics.cfg
File: graphics.cfg 2016/06/04 v1.11 sample graphics configuration
)
Package graphics Info: Driver file: pdftex.def on input line 106.

(/usr/local/texlive/2025basic/texmf-dist/tex/latex/graphics-def/pdftex.def
File: pdftex.def 2024/04/13 v1.2c Graphics/color driver for pdftex
))
\Gin@req@height=\dimen169
\Gin@req@width=\dimen170
)
(/usr/local/texlive/2025basic/texmf-dist/tex/latex/booktabs/booktabs.sty
Package: booktabs 2020/01/12 v1.61803398 Publication quality tables
\heavyrulewidth=\dimen171
\lightrulewidth=\dimen172
\cmidrulewidth=\dimen173
\belowrulesep=\dimen174
\belowbottomsep=\dimen175
\aboverulesep=\dimen176
\abovetopsep=\dimen177
\cmidrulesep=\dimen178
\cmidrulekern=\dimen179
\defaultaddspace=\dimen180
\@cmidla=\count289
\@cmidlb=\count290
\@aboverulesep=\dimen181
\@belowrulesep=\dimen182
\@thisruleclass=\count291
\@lastruleclass=\count292
\@thisrulewidth=\dimen183
)
(/usr/local/texlive/2025basic/texmf-dist/tex/latex/tools/array.sty
Package: array 2024/10/17 v2.6g Tabular extension package (FMi)
\col@sep=\dimen184
\ar@mcellbox=\box55
\extrarowheight=\dimen185
\NC@list=\toks24
\extratabsurround=\skip58
\backup@length=\skip59
\ar@cellbox=\box56
)
(/usr/local/texlive/2025basic/texmf-dist/tex/latex/tools/tabularx.sty
Package: tabularx 2023/12/11 v2.12a `tabularx' package (DPC)
\TX@col@width=\dimen186
\TX@old@table=\dimen187
\TX@old@col=\dimen188
\TX@target=\dimen189
\TX@delta=\dimen190
\TX@cols=\count293
\TX@ftn=\toks25
)
(/usr/local/texlive/2025basic/texmf-dist/tex/latex/xcolor/xcolor.sty
Package: xcolor 2024/09/29 v3.02 LaTeX color extensions (UK)

(/usr/local/texlive/2025basic/texmf-dist/tex/latex/graphics-cfg/color.cfg
File: color.cfg 2016/01/02 v1.6 sample color configuration
)
Package xcolor Info: Driver file: pdftex.def on input line 274.

(/usr/local/texlive/2025basic/texmf-dist/tex/latex/graphics/mathcolor.ltx)
Package xcolor Info: Model `cmy' substituted by `cmy0' on input line 1349.
Package xcolor Info: Model `hsb' substituted by `rgb' on input line 1353.
Package xcolor Info: Model `RGB' extended on input line 1365.
Package xcolor Info: Model `HTML' substituted by `rgb' on input line 1367.
Package xcolor Info: Model `Hsb' substituted by `hsb' on input line 1368.
Package xcolor Info: Model `tHsb' substituted by `hsb' on input line 1369.
Package xcolor Info: Model `HSB' substituted by `hsb' on input line 1370.
Package xcolor Info: Model `Gray' substituted by `gray' on input line 1371.
Package xcolor Info: Model `wave' substituted by `hsb' on input line 1372.
)
(/usr/local/texlive/2025basic/texmf-dist/tex/latex/graphics/dvipsnam.def
File: dvipsnam.def 2016/06/17 v3.0m Driver-dependent file (DPC,SPQR)
)
(/usr/local/texlive/2025basic/texmf-dist/tex/latex/xcolor/svgnam.def
File: svgnam.def 2024/09/29 v3.02 Predefined colors according to SVG 1.1 (UK)
)
(/usr/local/texlive/2025basic/texmf-dist/tex/latex/xcolor/x11nam.def
File: x11nam.def 2024/09/29 v3.02 Predefined colors according to Unix/X11 (UK)
)
(/usr/local/texlive/2025basic/texmf-dist/tex/latex/hyperref/hyperref.sty
Package: hyperref 2024-11-05 v7.01l Hypertext links for LaTeX

(/usr/local/texlive/2025basic/texmf-dist/tex/latex/kvsetkeys/kvsetkeys.sty
Package: kvsetkeys 2022-10-05 v1.19 Key value parser (HO)
)
(/usr/local/texlive/2025basic/texmf-dist/tex/generic/kvdefinekeys/kvdefinekeys.
sty
Package: kvdefinekeys 2019-12-19 v1.6 Define keys (HO)
)
(/usr/local/texlive/2025basic/texmf-dist/tex/generic/pdfescape/pdfescape.sty
Package: pdfescape 2019/12/09 v1.15 Implements pdfTeX's escape features (HO)

(/usr/local/texlive/2025basic/texmf-dist/tex/generic/ltxcmds/ltxcmds.sty
Package: ltxcmds 2023-12-04 v1.26 LaTeX kernel commands for general use (HO)
)
(/usr/local/texlive/2025basic/texmf-dist/tex/generic/pdftexcmds/pdftexcmds.sty
Package: pdftexcmds 2020-06-27 v0.33 Utility functions of pdfTeX for LuaTeX (HO
)

(/usr/local/texlive/2025basic/texmf-dist/tex/generic/infwarerr/infwarerr.sty
Package: infwarerr 2019/12/03 v1.5 Providing info/warning/error messages (HO)
)
Package pdftexcmds Info: \pdf@primitive is available.
Package pdftexcmds Info: \pdf@ifprimitive is available.
Package pdftexcmds Info: \pdfdraftmode found.
)) (/usr/local/texlive/2025basic/texmf-dist/tex/latex/hycolor/hycolor.sty
Package: hycolor 2020-01-27 v1.10 Color options for hyperref/bookmark (HO)
)
(/usr/local/texlive/2025basic/texmf-dist/tex/latex/hyperref/nameref.sty
Package: nameref 2023-11-26 v2.56 Cross-referencing by name of section

(/usr/local/texlive/2025basic/texmf-dist/tex/latex/refcount/refcount.sty
Package: refcount 2019/12/15 v3.6 Data extraction from label references (HO)
)
(/usr/local/texlive/2025basic/texmf-dist/tex/generic/gettitlestring/gettitlestr
ing.sty
Package: gettitlestring 2019/12/15 v1.6 Cleanup title references (HO)

(/usr/local/texlive/2025basic/texmf-dist/tex/latex/kvoptions/kvoptions.sty
Package: kvoptions 2022-06-15 v3.15 Key value format for package options (HO)
))
\c@section@level=\count294
)
(/usr/local/texlive/2025basic/texmf-dist/tex/latex/etoolbox/etoolbox.sty
Package: etoolbox 2025/02/11 v2.5l e-TeX tools for LaTeX (JAW)
\etb@tempcnta=\count295
)
(/usr/local/texlive/2025basic/texmf-dist/tex/generic/stringenc/stringenc.sty
Package: stringenc 2019/11/29 v1.12 Convert strings between diff. encodings (HO
)
)
\@linkdim=\dimen191
\Hy@linkcounter=\count296
\Hy@pagecounter=\count297

(/usr/local/texlive/2025basic/texmf-dist/tex/latex/hyperref/pd1enc.def
File: pd1enc.def 2024-11-05 v7.01l Hyperref: PDFDocEncoding definition (HO)
Now handling font encoding PD1 ...
... no UTF-8 mapping file for font encoding PD1
)
(/usr/local/texlive/2025basic/texmf-dist/tex/generic/intcalc/intcalc.sty
Package: intcalc 2019/12/15 v1.3 Expandable calculations with integers (HO)
)
\Hy@SavedSpaceFactor=\count298

(/usr/local/texlive/2025basic/texmf-dist/tex/latex/hyperref/puenc.def
File: puenc.def 2024-11-05 v7.01l Hyperref: PDF Unicode definition (HO)
Now handling font encoding PU ...
... no UTF-8 mapping file for font encoding PU
)
Package hyperref Info: Option `colorlinks' set `true' on input line 4040.
Package hyperref Info: Hyper figures OFF on input line 4157.
Package hyperref Info: Link nesting OFF on input line 4162.
Package hyperref Info: Hyper index ON on input line 4165.
Package hyperref Info: Plain pages OFF on input line 4172.
Package hyperref Info: Backreferencing OFF on input line 4177.
Package hyperref Info: Implicit mode ON; LaTeX internals redefined.
Package hyperref Info: Bookmarks ON on input line 4424.
\c@Hy@tempcnt=\count299

(/usr/local/texlive/2025basic/texmf-dist/tex/latex/url/url.sty
\Urlmuskip=\muskip18
Package: url 2013/09/16  ver 3.4  Verb mode for urls, etc.
)
LaTeX Info: Redefining \url on input line 4763.
\XeTeXLinkMargin=\dimen192

(/usr/local/texlive/2025basic/texmf-dist/tex/generic/bitset/bitset.sty
Package: bitset 2019/12/09 v1.3 Handle bit-vector datatype (HO)

(/usr/local/texlive/2025basic/texmf-dist/tex/generic/bigintcalc/bigintcalc.sty
Package: bigintcalc 2019/12/15 v1.5 Expandable calculations on big integers (HO
)
))
\Fld@menulength=\count300
\Field@Width=\dimen193
\Fld@charsize=\dimen194
Package hyperref Info: Hyper figures OFF on input line 6042.
Package hyperref Info: Link nesting OFF on input line 6047.
Package hyperref Info: Hyper index ON on input line 6050.
Package hyperref Info: backreferencing OFF on input line 6057.
Package hyperref Info: Link coloring ON on input line 6060.
Package hyperref Info: Link coloring with OCG OFF on input line 6067.
Package hyperref Info: PDF/A mode OFF on input line 6072.
 (/usr/local/texlive/2025basic/texmf-dist/tex/latex/base/atbegshi-ltx.sty
Package: atbegshi-ltx 2021/01/10 v1.0c Emulation of the original atbegshi
package with kernel methods
)
\Hy@abspage=\count301
\c@Item=\count302
\c@Hfootnote=\count303
)
Package hyperref Info: Driver (autodetected): hpdftex.

(/usr/local/texlive/2025basic/texmf-dist/tex/latex/hyperref/hpdftex.def
File: hpdftex.def 2024-11-05 v7.01l Hyperref driver for pdfTeX

(/usr/local/texlive/2025basic/texmf-dist/tex/latex/base/atveryend-ltx.sty
Package: atveryend-ltx 2020/08/19 v1.0a Emulation of the original atveryend pac
kage
with kernel methods
)
\Fld@listcount=\count304
\c@bookmark@seq@number=\count305

(/usr/local/texlive/2025basic/texmf-dist/tex/latex/rerunfilecheck/rerunfilechec
k.sty
Package: rerunfilecheck 2022-07-10 v1.10 Rerun checks for auxiliary files (HO)

(/usr/local/texlive/2025basic/texmf-dist/tex/generic/uniquecounter/uniquecounte
r.sty
Package: uniquecounter 2019/12/15 v1.4 Provide unlimited unique counter (HO)
)
Package uniquecounter Info: New unique counter `rerunfilecheck' on input line 2
85.
)
\Hy@SectionHShift=\skip60
)
(/usr/local/texlive/2025basic/texmf-dist/tex/latex/fancyhdr/fancyhdr.sty
Package: fancyhdr 2025/02/07 v5.2 Extensive control of page headers and footers

\f@nch@headwidth=\skip61
\f@nch@offset@elh=\skip62
\f@nch@offset@erh=\skip63
\f@nch@offset@olh=\skip64
\f@nch@offset@orh=\skip65
\f@nch@offset@elf=\skip66
\f@nch@offset@erf=\skip67
\f@nch@offset@olf=\skip68
\f@nch@offset@orf=\skip69
\f@nch@height=\skip70
\f@nch@footalignment=\skip71
\f@nch@widthL=\skip72
\f@nch@widthC=\skip73
\f@nch@widthR=\skip74
\@temptokenb=\toks26
))
(/usr/local/texlive/2025basic/texmf-dist/tex/latex/l3backend/l3backend-pdftex.d
ef
File: l3backend-pdftex.def 2024-05-08 L3 backend support: PDF output (pdfTeX)
\l__color_backend_stack_int=\count306
\l__pdf_internal_box=\box57
) (./main.aux)
\openout1 = `main.aux'.

LaTeX Font Info:    Checking defaults for OML/cmm/m/it on input line 18.
LaTeX Font Info:    ... okay on input line 18.
LaTeX Font Info:    Checking defaults for OMS/cmsy/m/n on input line 18.
LaTeX Font Info:    ... okay on input line 18.
LaTeX Font Info:    Checking defaults for OT1/cmr/m/n on input line 18.
LaTeX Font Info:    ... okay on input line 18.
LaTeX Font Info:    Checking defaults for T1/cmr/m/n on input line 18.
LaTeX Font Info:    ... okay on input line 18.
LaTeX Font Info:    Checking defaults for TS1/cmr/m/n on input line 18.
LaTeX Font Info:    ... okay on input line 18.
LaTeX Font Info:    Checking defaults for OMX/cmex/m/n on input line 18.
LaTeX Font Info:    ... okay on input line 18.
LaTeX Font Info:    Checking defaults for U/cmr/m/n on input line 18.
LaTeX Font Info:    ... okay on input line 18.
LaTeX Font Info:    Checking defaults for PD1/pdf/m/n on input line 18.
LaTeX Font Info:    ... okay on input line 18.
LaTeX Font Info:    Checking defaults for PU/pdf/m/n on input line 18.
LaTeX Font Info:    ... okay on input line 18.

*geometry* driver: auto-detecting
*geometry* detected driver: pdftex
*geometry* verbose mode - [ preamble ] result:
* driver: pdftex
* paper: <default>
* layout: <same size as paper>
* layoutoffset:(h,v)=(0.0pt,0.0pt)
* modes: 
* h-part:(L,W,R)=(97.56493pt, 444.46008pt, 72.26999pt)
* v-part:(T,H,B)=(72.26999pt, 650.43001pt, 72.26999pt)
* \paperwidth=614.295pt
* \paperheight=794.96999pt
* \textwidth=444.46008pt
* \textheight=650.43001pt
* \oddsidemargin=25.29494pt
* \evensidemargin=25.29494pt
* \topmargin=-39.0pt
* \headheight=14.0pt
* \headsep=25.0pt
* \topskip=10.0pt
* \footskip=30.0pt
* \marginparwidth=65.0pt
* \marginparsep=11.0pt
* \columnsep=10.0pt
* \skip\footins=9.0pt plus 4.0pt minus 2.0pt
* \hoffset=0.0pt
* \voffset=0.0pt
* \mag=1000
* \@twocolumnfalse
* \@twosidefalse
* \@mparswitchfalse
* \@reversemarginfalse
* (1in=72.27pt=25.4mm, 1cm=28.453pt)

(/usr/local/texlive/2025basic/texmf-dist/tex/context/base/mkii/supp-pdf.mkii
[Loading MPS to PDF converter (version 2006.09.02).]
\scratchcounter=\count307
\scratchdimen=\dimen195
\scratchbox=\box58
\nofMPsegments=\count308
\nofMParguments=\count309
\everyMPshowfont=\toks27
\MPscratchCnt=\count310
\MPscratchDim=\dimen196
\MPnumerator=\count311
\makeMPintoPDFobject=\count312
\everyMPtoPDFconversion=\toks28
)
(/usr/local/texlive/2025basic/texmf-dist/tex/latex/epstopdf-pkg/epstopdf-base.s
ty
Package: epstopdf-base 2020-01-24 v2.11 Base part for package epstopdf
Package epstopdf-base Info: Redefining graphics rule for `.eps' on input line 4
85.

(/usr/local/texlive/2025basic/texmf-dist/tex/latex/latexconfig/epstopdf-sys.cfg
File: epstopdf-sys.cfg 2010/07/13 v1.3 Configuration of (r)epstopdf for TeX Liv
e
))
Package hyperref Info: Link coloring ON on input line 18.
 (./main.out) (./main.out)
\@outlinefile=\write3
\openout3 = `main.out'.

LaTeX Font Info:    Trying to load font information for U+msa on input line 22.


(/usr/local/texlive/2025basic/texmf-dist/tex/latex/amsfonts/umsa.fd
File: umsa.fd 2013/01/14 v3.01 AMS symbols A
)
LaTeX Font Info:    Trying to load font information for U+msb on input line 22.


(/usr/local/texlive/2025basic/texmf-dist/tex/latex/amsfonts/umsb.fd
File: umsb.fd 2013/01/14 v3.01 AMS symbols B
)

[1

{/usr/local/texlive/2025basic/texmf-var/fonts/map/pdftex/updmap/pdftex.map}]
(./main.toc

[2

]

[3]

[4])
\tf@toc=\write4
\openout4 = `main.toc'.



[5] (./topics/00-module-overview.tex

[6

])

[7] (./topics/week-01-introduction.tex

[8

]
Underfull \hbox (badness 10000) in paragraph at lines 120--120
[]|\OT1/cmr/m/n/10 Content-Based Im-age Re-
 []



[9]

[10]

[11]

[12]

[13]

[14])

[15] (./topics/week-02-image-formation.tex

[16

]

[17]

[18]
Underfull \hbox (badness 10000) in paragraph at lines 224--224
[]|\OT1/cmr/m/n/10 Objects ``as they ap-pear''
 []



[19]

[20]

[21]

[22]

[23]
Overfull \hbox (7.26595pt too wide) in paragraph at lines 568--569
[]\OT1/cmr/bx/n/10 Q: \OT1/cmr/m/n/10 Con-vert cam-era co-or-di-nates $(\OML/cm
m/m/it/10 x[]; y[]\OT1/cmr/m/n/10 ) = (3\OML/cmm/m/it/10 ; \OT1/cmr/m/n/10 4)$m
m to pixel co-or-di-nates. Given: $\OML/cmm/m/it/10 s[] \OT1/cmr/m/n/10 = \OML/
cmm/m/it/10 s[] \OT1/cmr/m/n/10 = 0\OML/cmm/m/it/10 :\OT1/cmr/m/n/10 01$mm/pixe
l,
 []



[24])

[25] (./topics/week-03-low-level-vision.tex

[26

]

[27]

[28]

[29]
Underfull \hbox (badness 10000) in paragraph at lines 312--313
[]|\OT1/cmr/m/n/10 Approximates LoG (centre-
 []



[30]

[31]

[32]

[33]

[34]

[35]
Overfull \hbox (10.59157pt too wide) in paragraph at lines 602--603
[]\OT1/cmr/m/n/10 (b) A multi-scale rep-re-sen-ta-tion of \OT1/cmr/m/it/10 in-t
en-sity dis-con-ti-nu-ities\OT1/cmr/m/n/10 , built by it-er-a-tively Gaussian-s
moothing,
 []


Overfull \hbox (0.725pt too wide) in paragraph at lines 617--618
[]\OT1/cmr/bx/n/10 LoG/DoG/Derivative-of-Gaussian \OT1/cmr/m/n/10 are the three
 stan-dard edge masks; derivative-of-Gaussian
 []



[36]
Underfull \hbox (badness 7221) in paragraph at lines 652--652
[]|\OT1/cmr/m/n/10 Iterate: Gaussian-smooth,
 []


Underfull \hbox (badness 10000) in paragraph at lines 653--653
[]|\OT1/cmr/m/n/10 Subtract con-sec-u-tive
 []


Underfull \hbox (badness 10000) in paragraph at lines 653--653
\OT1/cmr/m/n/10 Gaussian-pyramid lev-els
 []

)

[37] (./topics/week-04-biological-vision.tex

[38

]

[39]
Underfull \hbox (badness 1533) in paragraph at lines 153--153
\OT1/cmr/m/it/10 any con-trast po-lar-ity\OT1/cmr/m/n/10 , \OT1/cmr/m/it/10 any
-
 []


Underfull \hbox (badness 10000) in paragraph at lines 154--154
[]|\OT1/cmr/m/n/10 Correct ori-en-ta-tion \OT1/cmr/m/it/10 and
 []


Overfull \hbox (8.65524pt too wide) in paragraph at lines 148--157
 [] 
 []



[40]
Overfull \hbox (3.77727pt too wide) in paragraph at lines 171--172
\OT1/cmr/m/n/10 set be-tween the two eyes---encodes \OT1/cmr/bx/it/10 depth \OT
1/cmr/m/n/10 via binoc-u-lar dis-par-ity (near vs far via crossed/uncrossed
 []



[41]

[42]
Underfull \hbox (badness 10000) in paragraph at lines 285--286
[]|\OT1/cmr/m/n/10 Reconstruct noisy patches with a Ga-bor (or
 []


Overfull \hbox (84.82083pt too wide) in paragraph at lines 324--335
 [] 
 []



[43]

[44]

[45]

[46]

[47]

[48]
Underfull \hbox (badness 10000) in paragraph at lines 603--603
[]|\OT1/cmr/m/n/10 Orientation, position-
 []


Underfull \hbox (badness 10000) in paragraph at lines 603--604
[]|\OT1/cmr/m/n/10 Energy of quadra-ture pair:
 []


Underfull \hbox (badness 6592) in paragraph at lines 604--605
[]|\OT1/cmr/m/n/10 Difference of complex-cell re-sponses
 []


Overfull \hbox (28.67093pt too wide) in paragraph at lines 595--608
 [] 
 []


Overfull \hbox (247.48569pt too wide) in paragraph at lines 616--626
 [] 
 []

)

[49] (./topics/week-05-segmentation.tex

[50

]

[51]

[52]

[53]

[54]

[55]

[56]
Overfull \hbox (5.84592pt too wide) in paragraph at lines 412--413
[]\OT1/cmr/m/n/10 Tutorial Q19 reuses the same im-age as Q18 but with $\OML/cmm
/m/it/10 ^^R \OMS/cmsy/m/n/10 2 f\OT1/cmr/m/n/10 0\OML/cmm/m/it/10 ; \OT1/cmr/m
/n/10 30\OML/cmm/m/it/10 ; \OT1/cmr/m/n/10 60\OML/cmm/m/it/10 ; \OT1/cmr/m/n/10
 90\OML/cmm/m/it/10 ; \OT1/cmr/m/n/10 120\OML/cmm/m/it/10 ; \OT1/cmr/m/n/10 150
\OMS/cmsy/m/n/10 g$ \OT1/cmr/m/n/10 in-stead of $\OMS/cmsy/m/n/10 f\OT1/cmr/m/n
/10 0\OML/cmm/m/it/10 ; \OT1/cmr/m/n/10 45\OML/cmm/m/it/10 ; \OT1/cmr/m/n/10 90
\OML/cmm/m/it/10 ; \OT1/cmr/m/n/10 135\OMS/cmsy/m/n/10 g$\OT1/cmr/m/n/10 ,
 []



[57]

[58]

[59]

[60]
Overfull \hbox (87.3904pt too wide) in paragraph at lines 587--588
[]\OT1/cmr/bx/n/10 Agglomerative hi-er-ar-chi-cal clus-ter-ing \OT1/cmr/m/n/10 
merges near-est clus-ters; link-age choice (sin-gle/complete/average/centroid)
 []


Underfull \hbox (badness 10000) in paragraph at lines 604--605
[]|\OT1/cmr/m/n/10 Leaks through weak
 []


Underfull \hbox (badness 10000) in paragraph at lines 605--606
[]|\OT1/cmr/m/n/10 Order-dependent re-
 []


Underfull \hbox (badness 10000) in paragraph at lines 606--607
[]|\OT1/cmr/m/n/10 Quadtree arte-facts;
 []


Underfull \hbox (badness 3536) in paragraph at lines 607--608
[]|\OT1/cmr/m/n/10 Init-dependent; needs
 []


Underfull \hbox (badness 1033) in paragraph at lines 612--613
[]|\OT1/cmr/m/n/10 Smooth closed shapes
 []


Underfull \hbox (badness 10000) in paragraph at lines 612--613
\OT1/cmr/m/n/10 only; parameter-
 []


Overfull \hbox (6.24702pt too wide) in paragraph at lines 598--615
 [] 
 []

)

[61] (./topics/week-06-feature-matching.tex

[62

]
Underfull \hbox (badness 1184) in paragraph at lines 103--104
[]|\OT1/cmr/m/n/10 Similarity mea-sure on in-ten-sity
 []



[63]

[64]
Overfull \hbox (23.84007pt too wide) in paragraph at lines 190--191
[]\OT1/cmr/m/n/10 Detect \OT1/cmr/bx/it/10 in-ter-est points \OT1/cmr/m/n/10 in
 both im-ages (ide-ally the \OT1/cmr/m/it/10 same \OT1/cmr/m/n/10 3D points, de
-spite scale/rotation/illumination
 []



[65]

[66]
Underfull \hbox (badness 1275) in paragraph at lines 325--326
[]|\OT1/cmr/m/n/10 Eigenvalues (and hence $\OML/cmm/m/it/10 R$\OT1/cmr/m/n/10 )
 are un-
 []


Underfull \hbox (badness 5274) in paragraph at lines 326--327
[]|\OT1/cmr/m/n/10 Affected by over-all in-ten-sity scal-
 []



[67]

[68]
Overfull \hbox (37.73834pt too wide) in paragraph at lines 460--471
 [] 
 []



[69]

[70]

[71]

[72]

[73]

[74])

[75] (./topics/week-07-stereo-and-depth.tex

[76

]

[77]
Underfull \hbox (badness 10000) in paragraph at lines 149--149
[]|\OT1/cmr/m/n/10 Match a fixed win-dow
 []


Underfull \hbox (badness 10000) in paragraph at lines 149--149
\OT1/cmr/m/n/10 around ev-ery pixel by
 []



[78]

[79]
Overfull \hbox (27.36998pt too wide) in paragraph at lines 228--236
 [] 
 []



[80]

[81]
Underfull \hbox (badness 2452) in paragraph at lines 379--380
[]|\OT1/cmr/m/n/10 Direct depth per pixel; mod-est
 []



[82]

[83]

[84]
Overfull \hbox (10.73941pt too wide) in paragraph at lines 502--503
[]\OT1/cmr/m/n/10 Compute $[](\OML/cmm/m/it/10 d\OT1/cmr/m/n/10 ) = [][] \OMS/c
msy/m/n/10 j\OML/cmm/m/it/10 I[]\OT1/cmr/m/n/10 (\OML/cmm/m/it/10 u; v\OT1/cmr/
m/n/10 ) \OMS/cmsy/m/n/10 ^^@ \OML/cmm/m/it/10 I[]\OT1/cmr/m/n/10 (\OML/cmm/m/i
t/10 u \OMS/cmsy/m/n/10 ^^@ \OML/cmm/m/it/10 d; v\OT1/cmr/m/n/10 )\OMS/cmsy/m/n
/10 j$ \OT1/cmr/m/n/10 in float-ing point (avoid \OT1/cmtt/m/n/10 uint8 \OT1/cm
r/m/n/10 un-der/overflow). 
 []



[85]

[86]
Underfull \hbox (badness 10000) in paragraph at lines 602--603
[]|\OT1/cmr/m/n/10 Expansion/contraction dur-ing for-
 []

)

[87] (./topics/week-08-motion-and-tracking.tex

[88

]
Overfull \hbox (7.26305pt too wide) in paragraph at lines 78--87
 [] 
 []



[89]
Underfull \hbox (badness 3557) in paragraph at lines 167--167
[]|\OT1/cmr/m/n/10 Neighbouring flow vec-tors are sim-i-lar
 []



[90]
Overfull \hbox (65.69363pt too wide) in paragraph at lines 215--225
 [] 
 []



[91]
Underfull \hbox (badness 10000) in paragraph at lines 260--261
[]|\OT1/cmr/m/n/10 Pure trans-la-tion per-pen-
 []


Underfull \hbox (badness 10000) in paragraph at lines 260--261
\OT1/cmr/m/n/10 dic-u-lar to op-ti-cal axis
 []



[92]
Overfull \hbox (76.24677pt too wide) in paragraph at lines 289--298
 [] 
 []


Underfull \hbox (badness 1019) in paragraph at lines 338--339
[]|\OT1/cmr/m/n/10 Robust to drift; re-lies on a
 []


Underfull \hbox (badness 1184) in paragraph at lines 339--339
\OT1/cmr/m/n/10 (KLT, mean-shift, cor-re-la-tion fil-
 []


Underfull \hbox (badness 10000) in paragraph at lines 339--340
[]|\OT1/cmr/m/n/10 Cheaper per frame; can
 []


Underfull \hbox (badness 4556) in paragraph at lines 339--340
\OT1/cmr/m/n/10 drift; strug-gles with oc-clu-
 []



[93]

[94]
Underfull \hbox (badness 1057) in paragraph at lines 398--399
[]|\OT1/cmr/m/n/10 Smooth lin-ear mo-tion, low
 []



[95]

[96]
Overfull \hbox (11.26012pt too wide) in paragraph at lines 501--502
[]$\OML/cmm/m/it/10 t[]$\OT1/cmr/m/n/10 : $\OML/cmm/m/it/10 B \OT1/cmr/m/n/10 =
 [101\OML/cmm/m/it/10 :\OT1/cmr/m/n/10 25\OML/cmm/m/it/10 ; \OT1/cmr/m/n/10 97\
OML/cmm/m/it/10 :\OT1/cmr/m/n/10 5\OML/cmm/m/it/10 ; \OT1/cmr/m/n/10 136\OML/cm
m/m/it/10 :\OT1/cmr/m/n/10 25\OML/cmm/m/it/10 ; \OT1/cmr/m/n/10 131\OML/cmm/m/i
t/10 :\OT1/cmr/m/n/10 25\OML/cmm/m/it/10 ; \OT1/cmr/m/n/10 73\OML/cmm/m/it/10 :
\OT1/cmr/m/n/10 75]$. $\OMS/cmsy/m/n/10 j\OML/cmm/m/it/10 I[] \OMS/cmsy/m/n/10 
^^@ \OML/cmm/m/it/10 B\OMS/cmsy/m/n/10 j \OT1/cmr/m/n/10 = [1\OML/cmm/m/it/10 :
\OT1/cmr/m/n/10 25\OML/cmm/m/it/10 ; \OT1/cmr/m/n/10 37\OML/cmm/m/it/10 :\OT1/c
mr/m/n/10 5\OML/cmm/m/it/10 ; \OT1/cmr/m/n/10 33\OML/cmm/m/it/10 :\OT1/cmr/m/n/
10 75\OML/cmm/m/it/10 ; \OT1/cmr/m/n/10 68\OML/cmm/m/it/10 :\OT1/cmr/m/n/10 75\
OML/cmm/m/it/10 ; \OT1/cmr/m/n/10 16\OML/cmm/m/it/10 :\OT1/cmr/m/n/10 25] \OMS/
cmsy/m/n/10 ! \OT1/cmr/m/n/10 [0\OML/cmm/m/it/10 ; \OT1/cmr/m/n/10 0\OML/cmm/m/
it/10 ; \OT1/cmr/m/n/10 0\OML/cmm/m/it/10 ; \OT1/cmr/m/n/10 1\OML/cmm/m/it/10 ;
 \OT1/cmr/m/n/10 0]$. 
 []


Overfull \hbox (2.37146pt too wide) in paragraph at lines 502--503
[]$\OML/cmm/m/it/10 t[]$\OT1/cmr/m/n/10 : $\OML/cmm/m/it/10 B \OT1/cmr/m/n/10 =
 [95\OML/cmm/m/it/10 :\OT1/cmr/m/n/10 625\OML/cmm/m/it/10 ; \OT1/cmr/m/n/10 98\
OML/cmm/m/it/10 :\OT1/cmr/m/n/10 75\OML/cmm/m/it/10 ; \OT1/cmr/m/n/10 118\OML/c
mm/m/it/10 :\OT1/cmr/m/n/10 125\OML/cmm/m/it/10 ; \OT1/cmr/m/n/10 160\OML/cmm/m
/it/10 :\OT1/cmr/m/n/10 625\OML/cmm/m/it/10 ; \OT1/cmr/m/n/10 131\OML/cmm/m/it/
10 :\OT1/cmr/m/n/10 875]$. $\OMS/cmsy/m/n/10 j\OML/cmm/m/it/10 I[] \OMS/cmsy/m/
n/10 ^^@ \OML/cmm/m/it/10 B\OMS/cmsy/m/n/10 j \OT1/cmr/m/n/10 = [5\OML/cmm/m/it
/10 :\OT1/cmr/m/n/10 625\OML/cmm/m/it/10 ; \OT1/cmr/m/n/10 1\OML/cmm/m/it/10 :\
OT1/cmr/m/n/10 25\OML/cmm/m/it/10 ; \OT1/cmr/m/n/10 18\OML/cmm/m/it/10 :\OT1/cm
r/m/n/10 125\OML/cmm/m/it/10 ; \OT1/cmr/m/n/10 29\OML/cmm/m/it/10 :\OT1/cmr/m/n
/10 375\OML/cmm/m/it/10 ; \OT1/cmr/m/n/10 58\OML/cmm/m/it/10 :\OT1/cmr/m/n/10 1
25] \OMS/cmsy/m/n/10 !
 []


Overfull \hbox (13.37903pt too wide) in paragraph at lines 508--509
[]\OT1/cmr/bx/n/10 Q: \OT1/cmr/m/n/10 Sketch the body of \OT1/cmtt/m/n/10 proce
ss[]video[]live(video[]path, alpha=0.05, threshold=30, min[]area=500)
 []



[97]
Overfull \hbox (1.24454pt too wide) in paragraph at lines 573--583
 [] 
 []



[98]
Underfull \hbox (badness 10000) in paragraph at lines 595--596
[]|\OT1/cmr/m/n/10 Distinctive colour, de-
 []

)

[99] (./topics/week-09-artificial-object-recognition.tex

[100

]
Underfull \hbox (badness 10000) in paragraph at lines 83--83
[]|\OT1/cmr/m/n/10 object, an-i-mal, mam-mal,
 []


Underfull \hbox (badness 3590) in paragraph at lines 85--86
[]|\OT1/cmr/m/n/10 Members very sim-i-lar within
 []



[101]

[102]

[103]

[104]

[105]

[106]
Overfull \hbox (2.65137pt too wide) in paragraph at lines 382--383
[]\OT1/cmr/m/n/10 Represent each doc-u-ment as a $\OML/cmm/m/it/10 K$\OT1/cmr/m
/n/10 -dim fre-quency vec-tor ($\OML/cmm/m/it/10 K \OT1/cmr/m/n/10 =$ vo-cab-u-
lary size), e.g. $(2\OML/cmm/m/it/10 ; \OT1/cmr/m/n/10 2\OML/cmm/m/it/10 ; \OT1
/cmr/m/n/10 1\OML/cmm/m/it/10 ; \OT1/cmr/m/n/10 1\OML/cmm/m/it/10 ; \OT1/cmr/m/
n/10 0\OML/cmm/m/it/10 ; []\OT1/cmr/m/n/10 )$. 
 []


Underfull \hbox (badness 10000) in paragraph at lines 436--436
[]|\OT1/cmr/m/n/10 + shear (non-uniform
 []



[107]
Overfull \hbox (41.97931pt too wide) in paragraph at lines 468--476
 [] 
 []



[108]
Underfull \hbox (badness 1082) in paragraph at lines 511--511
[]|\OT1/cmr/m/n/10 Different ob-jects can share
 []


Underfull \hbox (badness 10000) in paragraph at lines 511--512
[]|\OT1/cmr/m/n/10 Sensitive to view-point and
 []


Underfull \hbox (badness 10000) in paragraph at lines 511--512
\OT1/cmr/m/n/10 within-class vari-a-tion (need
 []

LaTeX Font Info:    Trying to load font information for OMS+cmr on input line 5
38.
(/usr/local/texlive/2025basic/texmf-dist/tex/latex/base/omscmr.fd
File: omscmr.fd 2024/11/19 v2.5n Standard LaTeX font definitions
)
LaTeX Font Info:    Font shape `OMS/cmr/m/n' in size <10> not available
(Font)              Font shape `OMS/cmsy/m/n' tried instead on input line 538.


[109]
Overfull \hbox (39.87386pt too wide) in paragraph at lines 583--584
[]\OT1/cmr/bx/n/10 Q: \OT1/cmr/m/n/10 In an ISM, three matched code-book en-tri
es vote for ob-ject cen-tres at pixel lo-ca-tions $(50\OML/cmm/m/it/10 ; \OT1/c
mr/m/n/10 60)\OML/cmm/m/it/10 ; \OT1/cmr/m/n/10 (51\OML/cmm/m/it/10 ; \OT1/cmr/
m/n/10 59)\OML/cmm/m/it/10 ; \OT1/cmr/m/n/10 (200\OML/cmm/m/it/10 ; \OT1/cmr/m/
n/10 30)$.
 []



[110]

[111]
LaTeX Font Info:    Font shape `OT1/cmtt/bx/n' in size <10> not available
(Font)              Font shape `OT1/cmtt/m/n' tried instead on input line 644.

Overfull \hbox (5.86217pt too wide) in paragraph at lines 678--679
[]\OT1/cmr/bx/n/10 Three recog-ni-tion tasks\OT1/cmr/m/n/10 : iden-ti-fi-ca-tio
n (in-stance), clas-si-fi-ca-tion (cat-e-gory), lo-cal-i-sa-tion (where).
 []



[112]
Underfull \hbox (badness 10000) in paragraph at lines 702--703
[]|$\OMS/cmsy/m/n/10 ^^@$ \OT1/cmr/m/n/10 scale/rotation/occlusion
 []


Underfull \hbox (badness 1038) in paragraph at lines 704--705
[]|$\OT1/cmr/m/n/10 +$ il-lu-mi-na-tion tol-er-ant; $\OMS/cmsy/m/n/10 ^^@$
 []


Underfull \hbox (badness 4132) in paragraph at lines 708--709
[]|$\OT1/cmr/m/n/10 +$ scale/rotation in-vari-ant;
 []



[113])

[114] (./topics/week-10-biological-object-recognition.tex
Overfull \hbox (1.87086pt too wide) in paragraph at lines 37--38
[]\OT1/cmr/m/n/10 Compare HMAX with CNN; ex-plain MAX pool-ing as bi-o-log-i-ca
l mo-ti-va-tion for CNN sub-sampling. 
 []



[115

]
Overfull \hbox (6.13464pt too wide) in paragraph at lines 66--67
[]\OT1/cmr/bx/n/10 Recognition-by-Components \OT1/cmr/m/n/10 (Bie-der-man). Hy-
poth-e-sis: a small ``al-pha-bet'' of 3D prim-i-tives (\OT1/cmr/bx/it/10 geons\
OT1/cmr/m/n/10 )
 []



[116]
Underfull \hbox (badness 10000) in paragraph at lines 128--128
[]|\OT1/cmr/m/n/10 Captures whole-object
 []



[117]

[118]
Underfull \hbox (badness 1052) in paragraph at lines 247--248
[]|\OT1/cmr/m/n/10 Increasingly com-plex fea-ture com-bi-na-tions (cor-ners,
 []



[119]

[120]

[121]

[122]

[123]

[124]

[125]
Overfull \hbox (73.62585pt too wide) in paragraph at lines 612--623
\OT1/cmtt/m/n/10 distances = [(euclidean(new[]stimulus, x), y) for x,y in zip(t
rain[]features, train[]labels)] 
 []


Overfull \hbox (50.31609pt too wide) in paragraph at lines 632--637
\OT1/cmtt/m/n/10 gabor = cv2.getGaborKernel((ksize,ksize), 4.0, theta, 10.0, 0.
5, 0, ktype=cv2.CV[]32F) 
 []



[126]

[127]
Underfull \hbox (badness 1917) in paragraph at lines 715--716
[]|\OT1/cmr/m/n/10 Alternate SUM (S, se-lec-tiv-ity) and
 []

)

[128] (./main.aux)
 ***********
LaTeX2e <2024-11-01> patch level 2
L3 programming layer <2025-01-18>
 ***********
Package rerunfilecheck Info: File `main.out' has not changed.
(rerunfilecheck)             Checksum: 25B32BEE2F1DC289EBD449F4F09A7B32;22501.
 ) 
Here is how much of TeX's memory you used:
 13229 strings out of 474662
 203683 string characters out of 5751109
 645643 words of memory out of 5000000
 35451 multiletter control sequences out of 15000+600000
 569432 words of font info for 76 fonts, out of 8000000 for 9000
 319 hyphenation exceptions out of 8191
 80i,15n,82p,1394b,628s stack positions out of 10000i,1000n,20000p,200000b,200000s
 </Users/rokas/Library/texlive/2025basic/texmf-var/fonts/pk/ljfour/jknappen/e
c/tcrm1000.600pk></usr/local/texlive/2025basic/texmf-dist/fonts/type1/public/am
sfonts/cm/cmbx10.pfb></usr/local/texlive/2025basic/texmf-dist/fonts/type1/publi
c/amsfonts/cm/cmbx12.pfb></usr/local/texlive/2025basic/texmf-dist/fonts/type1/p
ublic/amsfonts/cm/cmbxti10.pfb></usr/local/texlive/2025basic/texmf-dist/fonts/t
ype1/public/amsfonts/cm/cmex10.pfb></usr/local/texlive/2025basic/texmf-dist/fon
ts/type1/public/amsfonts/cmextra/cmex7.pfb></usr/local/texlive/2025basic/texmf-
dist/fonts/type1/public/amsfonts/cm/cmmi10.pfb></usr/local/texlive/2025basic/te
xmf-dist/fonts/type1/public/amsfonts/cm/cmmi5.pfb></usr/local/texlive/2025basic
/texmf-dist/fonts/type1/public/amsfonts/cm/cmmi7.pfb></usr/local/texlive/2025ba
sic/texmf-dist/fonts/type1/public/amsfonts/cm/cmr10.pfb></usr/local/texlive/202
5basic/texmf-dist/fonts/type1/public/amsfonts/cm/cmr12.pfb></usr/local/texlive/
2025basic/texmf-dist/fonts/type1/public/amsfonts/cm/cmr17.pfb></usr/local/texli
ve/2025basic/texmf-dist/fonts/type1/public/amsfonts/cm/cmr5.pfb></usr/local/tex
live/2025basic/texmf-dist/fonts/type1/public/amsfonts/cm/cmr7.pfb></usr/local/t
exlive/2025basic/texmf-dist/fonts/type1/public/amsfonts/cm/cmr9.pfb></usr/local
/texlive/2025basic/texmf-dist/fonts/type1/public/amsfonts/cm/cmsy10.pfb></usr/l
ocal/texlive/2025basic/texmf-dist/fonts/type1/public/amsfonts/cm/cmsy7.pfb></us
r/local/texlive/2025basic/texmf-dist/fonts/type1/public/amsfonts/cm/cmti10.pfb>
</usr/local/texlive/2025basic/texmf-dist/fonts/type1/public/amsfonts/cm/cmtt10.
pfb></usr/local/texlive/2025basic/texmf-dist/fonts/type1/public/amsfonts/symbol
s/msam10.pfb>
Output written on main.pdf (128 pages, 659607 bytes).
PDF statistics:
 1766 PDF objects out of 2073 (max. 8388607)
 1580 compressed objects within 16 object streams
 615 named destinations out of 1000 (max. 500000)
 985 words of extra memory for PDF output out of 10000 (max. 10000000)

