\BOOKMARK [1][-]{section*.2}{\376\377\000M\000o\000d\000u\000l\000e\000\040\000O\000v\000e\000r\000v\000i\000e\000w}{}% 1
\BOOKMARK [1][-]{section.1}{\376\377\000W\000e\000e\000k\000\040\0001\000:\000\040\000I\000n\000t\000r\000o\000d\000u\000c\000t\000i\000o\000n\000\040\000t\000o\000\040\000A\000u\000t\000o\000n\000o\000m\000o\000u\000s\000\040\000R\000o\000b\000o\000t\000s\000,\000\040\000S\000i\000m\000p\000l\000e\000\040\000N\000a\000v\000i\000g\000a\000t\000i\000o\000n\000\040\000\046\000\040\000G\000e\000o\000m\000e\000t\000r\000y\000\040\000R\000e\000p\000r\000e\000s\000e\000n\000t\000a\000t\000i\000o\000n}{}% 2
\BOOKMARK [2][-]{subsection.1.1}{\376\377\000T\000o\000p\000i\000c\000\040\000S\000u\000m\000m\000a\000r\000y}{section.1}% 3
\BOOKMARK [2][-]{subsection.1.2}{\376\377\000C\000o\000r\000e\000\040\000C\000o\000n\000c\000e\000p\000t\000s}{section.1}% 4
\BOOKMARK [3][-]{subsubsection.1.2.1}{\376\377\000W\000h\000a\000t\000\040\000i\000s\000\040\000a\000n\000\040\000A\000u\000t\000o\000n\000o\000m\000o\000u\000s\000\040\000R\000o\000b\000o\000t\000?}{subsection.1.2}% 5
\BOOKMARK [3][-]{subsubsection.1.2.2}{\376\377\000M\000o\000t\000i\000o\000n\000\040\000P\000l\000a\000n\000n\000i\000n\000g\000:\000\040\000T\000h\000e\000\040\000P\000i\000a\000n\000o\000\040\000M\000o\000v\000e\000r\000'\000s\000\040\000P\000r\000o\000b\000l\000e\000m}{subsection.1.2}% 6
\BOOKMARK [2][-]{subsection.1.3}{\376\377\000B\000u\000g\000\040\000A\000l\000g\000o\000r\000i\000t\000h\000m\000s}{section.1}% 7
\BOOKMARK [3][-]{subsubsection.1.3.1}{\376\377\000B\000u\000g\000\040\0000\000\040\000A\000l\000g\000o\000r\000i\000t\000h\000m}{subsection.1.3}% 8
\BOOKMARK [3][-]{subsubsection.1.3.2}{\376\377\000B\000u\000g\000\040\0001\000\040\000A\000l\000g\000o\000r\000i\000t\000h\000m}{subsection.1.3}% 9
\BOOKMARK [3][-]{subsubsection.1.3.3}{\376\377\000B\000u\000g\000\040\0002\000\040\000A\000l\000g\000o\000r\000i\000t\000h\000m}{subsection.1.3}% 10
\BOOKMARK [3][-]{subsubsection.1.3.4}{\376\377\000T\000a\000n\000g\000e\000n\000t\000\040\000B\000u\000g\000\040\000A\000l\000g\000o\000r\000i\000t\000h\000m}{subsection.1.3}% 11
\BOOKMARK [2][-]{subsection.1.4}{\376\377\000G\000e\000o\000m\000e\000t\000r\000y\000\040\000R\000e\000p\000r\000e\000s\000e\000n\000t\000a\000t\000i\000o\000n}{section.1}% 12
\BOOKMARK [3][-]{subsubsection.1.4.1}{\376\377\000P\000o\000l\000y\000g\000o\000n\000s\000\040\000a\000n\000d\000\040\000P\000o\000l\000y\000h\000e\000d\000r\000a}{subsection.1.4}% 13
\BOOKMARK [3][-]{subsubsection.1.4.2}{\376\377\000C\000o\000n\000v\000e\000x\000i\000t\000y}{subsection.1.4}% 14
\BOOKMARK [3][-]{subsubsection.1.4.3}{\376\377\000P\000r\000i\000m\000i\000t\000i\000v\000e\000s\000\040\000a\000n\000d\000\040\000H\000a\000l\000f\000-\000S\000p\000a\000c\000e\000s}{subsection.1.4}% 15
\BOOKMARK [3][-]{subsubsection.1.4.4}{\376\377\000S\000e\000m\000i\000-\000A\000l\000g\000e\000b\000r\000a\000i\000c\000\040\000S\000e\000t\000s}{subsection.1.4}% 16
\BOOKMARK [3][-]{subsubsection.1.4.5}{\376\377\000P\000o\000i\000n\000t\000\040\000C\000l\000o\000u\000d\000s\000\040\000a\000n\000d\000\040\000O\000c\000t\000o\000m\000a\000p\000s}{subsection.1.4}% 17
\BOOKMARK [2][-]{subsection.1.5}{\376\377\000S\000u\000m\000m\000a\000r\000y\000\040\000T\000a\000b\000l\000e\000:\000\040\000G\000e\000o\000m\000e\000t\000r\000y\000\040\000R\000e\000p\000r\000e\000s\000e\000n\000t\000a\000t\000i\000o\000n\000s}{section.1}% 18
\BOOKMARK [2][-]{subsection.1.6}{\376\377\000W\000o\000r\000k\000e\000d\000\040\000E\000x\000a\000m\000p\000l\000e\000s}{section.1}% 19
\BOOKMARK [1][-]{section.2}{\376\377\000W\000e\000e\000k\000\040\0002\000:\000\040\000R\000e\000p\000r\000e\000s\000e\000n\000t\000a\000t\000i\000o\000n\000s\000,\000\040\000T\000r\000a\000n\000s\000f\000o\000r\000m\000a\000t\000i\000o\000n\000s\000\040\000\046\000\040\000K\000i\000n\000e\000m\000a\000t\000i\000c\000s}{}% 20
\BOOKMARK [2][-]{subsection.2.1}{\376\377\000T\000o\000p\000i\000c\000\040\000S\000u\000m\000m\000a\000r\000y}{section.2}% 21
\BOOKMARK [2][-]{subsection.2.2}{\376\377\000C\000o\000r\000e\000\040\000C\000o\000n\000c\000e\000p\000t\000s}{section.2}% 22
\BOOKMARK [3][-]{subsubsection.2.2.1}{\376\377\000R\000i\000g\000i\000d\000\040\000B\000o\000d\000y\000\040\000T\000r\000a\000n\000s\000f\000o\000r\000m\000a\000t\000i\000o\000n\000s}{subsection.2.2}% 23
\BOOKMARK [3][-]{subsubsection.2.2.2}{\376\377\0002\000D\000\040\000T\000r\000a\000n\000s\000l\000a\000t\000i\000o\000n}{subsection.2.2}% 24
\BOOKMARK [3][-]{subsubsection.2.2.3}{\376\377\0002\000D\000\040\000R\000o\000t\000a\000t\000i\000o\000n}{subsection.2.2}% 25
\BOOKMARK [3][-]{subsubsection.2.2.4}{\376\377\000C\000o\000m\000p\000l\000e\000x\000\040\000N\000u\000m\000b\000e\000r\000s\000\040\000f\000o\000r\000\040\0002\000D\000\040\000R\000o\000t\000a\000t\000i\000o\000n\000s}{subsection.2.2}% 26
\BOOKMARK [3][-]{subsubsection.2.2.5}{\376\377\000H\000o\000m\000o\000g\000e\000n\000e\000o\000u\000s\000\040\000C\000o\000o\000r\000d\000i\000n\000a\000t\000e\000s}{subsection.2.2}% 27
\BOOKMARK [3][-]{subsubsection.2.2.6}{\376\377\000H\000o\000m\000o\000g\000e\000n\000e\000o\000u\000s\000\040\000T\000r\000a\000n\000s\000f\000o\000r\000m\000a\000t\000i\000o\000n\000\040\000M\000a\000t\000r\000i\000c\000e\000s\000\040\000\050\0002\000D\000\051}{subsection.2.2}% 28
\BOOKMARK [3][-]{subsubsection.2.2.7}{\376\377\000R\000o\000t\000a\000t\000i\000o\000n\000\040\000A\000b\000o\000u\000t\000\040\000a\000n\000\040\000A\000r\000b\000i\000t\000r\000a\000r\000y\000\040\000P\000o\000i\000n\000t\000\040\000\050\0002\000D\000\051}{subsection.2.2}% 29
\BOOKMARK [2][-]{subsection.2.3}{\376\377\0003\000D\000\040\000T\000r\000a\000n\000s\000f\000o\000r\000m\000a\000t\000i\000o\000n\000s}{section.2}% 30
\BOOKMARK [3][-]{subsubsection.2.3.1}{\376\377\0003\000D\000\040\000R\000o\000t\000a\000t\000i\000o\000n\000\040\000M\000a\000t\000r\000i\000c\000e\000s}{subsection.2.3}% 31
\BOOKMARK [3][-]{subsubsection.2.3.2}{\376\377\000E\000u\000l\000e\000r\000\040\000A\000n\000g\000l\000e\000s}{subsection.2.3}% 32
\BOOKMARK [3][-]{subsubsection.2.3.3}{\376\377\000P\000r\000o\000p\000e\000r\000t\000i\000e\000s\000\040\000o\000f\000\040\0003\000D\000\040\000R\000o\000t\000a\000t\000i\000o\000n\000\040\000M\000a\000t\000r\000i\000c\000e\000s}{subsection.2.3}% 33
\BOOKMARK [3][-]{subsubsection.2.3.4}{\376\377\000A\000x\000i\000s\000-\000A\000n\000g\000l\000e\000\040\000R\000e\000p\000r\000e\000s\000e\000n\000t\000a\000t\000i\000o\000n}{subsection.2.3}% 34
\BOOKMARK [3][-]{subsubsection.2.3.5}{\376\377\000G\000i\000m\000b\000a\000l\000\040\000L\000o\000c\000k}{subsection.2.3}% 35
\BOOKMARK [3][-]{subsubsection.2.3.6}{\376\377\000Q\000u\000a\000t\000e\000r\000n\000i\000o\000n\000s}{subsection.2.3}% 36
\BOOKMARK [3][-]{subsubsection.2.3.7}{\376\377\0003\000D\000\040\000H\000o\000m\000o\000g\000e\000n\000e\000o\000u\000s\000\040\000T\000r\000a\000n\000s\000f\000o\000r\000m\000a\000t\000i\000o\000n\000s}{subsection.2.3}% 37
\BOOKMARK [2][-]{subsection.2.4}{\376\377\000K\000i\000n\000e\000m\000a\000t\000i\000c\000s}{section.2}% 38
\BOOKMARK [3][-]{subsubsection.2.4.1}{\376\377\000F\000o\000r\000w\000a\000r\000d\000\040\000K\000i\000n\000e\000m\000a\000t\000i\000c\000s}{subsection.2.4}% 39
\BOOKMARK [3][-]{subsubsection.2.4.2}{\376\377\000I\000n\000v\000e\000r\000s\000e\000\040\000K\000i\000n\000e\000m\000a\000t\000i\000c\000s}{subsection.2.4}% 40
\BOOKMARK [3][-]{subsubsection.2.4.3}{\376\377\000T\000h\000e\000\040\000M\000a\000n\000i\000p\000u\000l\000a\000t\000o\000r\000\040\000J\000a\000c\000o\000b\000i\000a\000n}{subsection.2.4}% 41
\BOOKMARK [2][-]{subsection.2.5}{\376\377\000S\000u\000m\000m\000a\000r\000y\000\040\000T\000a\000b\000l\000e\000s}{section.2}% 42
\BOOKMARK [2][-]{subsection.2.6}{\376\377\000W\000o\000r\000k\000e\000d\000\040\000E\000x\000a\000m\000p\000l\000e\000s}{section.2}% 43
